<?xml version="1.0" encoding="UTF-8"?>
<!-- Generated by org.testng.reporters.JUnitReportReporter -->
<testsuite hostname="LAPTOP-92M9DVP7" failures="0" tests="3" name="mayankaggarwal.Test1" time="15.772" errors="0" timestamp="2025-03-28T00:30:26 IST" skipped="0">
  <testcase classname="mayankaggarwal.Test1" name="OrderHistoryTest" time="2.875"/>
  <testcase classname="mayankaggarwal.Test1" name="Test1" time="6.090"/>
  <testcase classname="mayankaggarwal.Test1" name="Test1" time="6.807"/>
</testsuite> <!-- mayankaggarwal.Test1 -->
