<?xml version="1.0" encoding="UTF-8"?>
<!-- Generated by org.testng.reporters.JUnitReportReporter -->
<testsuite hostname="LAPTOP-92M9DVP7" failures="0" tests="3" name="mayankaggarwal.Test1" time="21.563" errors="0" timestamp="2025-03-28T23:53:04 IST" skipped="0">
  <testcase classname="mayankaggarwal.Test1" name="Test1" time="7.241"/>
  <testcase classname="mayankaggarwal.Test1" name="Test1" time="10.914"/>
  <testcase classname="mayankaggarwal.Test1" name="OrderHistoryTest" time="3.408"/>
</testsuite> <!-- mayankaggarwal.Test1 -->
