<?xml version="1.0" encoding="UTF-8"?>
<!-- Generated by org.testng.reporters.JUnitReportReporter -->
<testsuite hostname="LAPTOP-92M9DVP7" failures="0" tests="2" name="mayankaggarwal.Test2" time="14.694" errors="0" timestamp="2025-03-28T23:53:04 IST" skipped="0">
  <testcase classname="mayankaggarwal.Test2" name="Test11" time="9.170"/>
  <testcase classname="mayankaggarwal.Test2" name="Test1" time="5.524"/>
</testsuite> <!-- mayankaggarwal.Test2 -->
